<?xml version="1.0" encoding="UTF-8"?>
<!-- Generated by org.testng.reporters.JUnitReportReporter -->
<testsuite hostname="DESKTOP-80COUH5" failures="0" tests="2" name="com.crm.qa.testcases.LoginPageTest" time="13.027" errors="0" timestamp="11 Jun 2018 23:02:36 GMT" skipped="0">
  <testcase classname="com.crm.qa.testcases.LoginPageTest" name="verifyTitle" time="6.936"/>
  <testcase classname="com.crm.qa.testcases.LoginPageTest" name="testLogin" time="6.091"/>
</testsuite> <!-- com.crm.qa.testcases.LoginPageTest -->
