<?xml version="1.0" encoding="UTF-8"?>
<!-- Generated by org.testng.reporters.JUnitReportReporter -->
<testsuite hostname="DESKTOP-80COUH5" failures="0" tests="1" name="com.crm.qa.testcases.LoginPageTest" time="6.888" errors="0" timestamp="11 Jun 2018 21:48:59 GMT" skipped="0">
  <testcase classname="com.crm.qa.testcases.LoginPageTest" name="testLogin" time="6.888"/>
</testsuite> <!-- com.crm.qa.testcases.LoginPageTest -->
