<?xml version="1.0" encoding="UTF-8"?>
<!-- Generated by org.testng.reporters.JUnitReportReporter -->
<testsuite hostname="DESKTOP-80COUH5" failures="0" tests="1" name="com.crm.qa.testcases.LoginPageTest" time="6.813" errors="0" timestamp="11 Jun 2018 20:20:53 GMT" skipped="0">
  <testcase classname="com.crm.qa.testcases.LoginPageTest" name="testLogin" time="6.813"/>
</testsuite> <!-- com.crm.qa.testcases.LoginPageTest -->
